2019-09-17 00:00:25.614  INFO 15316 --- [main] c.h.devbackend.DevBackendApplication     : Starting DevBackendApplication on DESKTOP-H120VBF with PID 15316 (E:\96hacks\dev-backend\target\classes started by krish in E:\96hacks\dev-backend)
2019-09-17 00:00:25.620  INFO 15316 --- [main] c.h.devbackend.DevBackendApplication     : No active profile set, falling back to default profiles: default
2019-09-17 00:00:27.041  INFO 15316 --- [main] .s.d.r.c.RepositoryConfigurationDelegate : Bootstrapping Spring Data repositories in DEFAULT mode.
2019-09-17 00:00:27.163  INFO 15316 --- [main] .s.d.r.c.RepositoryConfigurationDelegate : Finished Spring Data repository scanning in 103ms. Found 5 repository interfaces.
2019-09-17 00:00:27.660  INFO 15316 --- [main] trationDelegate$BeanPostProcessorChecker : Bean 'org.springframework.transaction.annotation.ProxyTransactionManagementConfiguration' of type [org.springframework.transaction.annotation.ProxyTransactionManagementConfiguration$$EnhancerBySpringCGLIB$$e865230e] is not eligible for getting processed by all BeanPostProcessors (for example: not eligible for auto-proxying)
2019-09-17 00:00:27.983  INFO 15316 --- [main] o.s.b.w.embedded.tomcat.TomcatWebServer  : Tomcat initialized with port(s): 8080 (http)
2019-09-17 00:00:28.026  INFO 15316 --- [main] o.apache.catalina.core.StandardService   : Starting service [Tomcat]
2019-09-17 00:00:28.027  INFO 15316 --- [main] org.apache.catalina.core.StandardEngine  : Starting Servlet engine: [Apache Tomcat/9.0.22]
2019-09-17 00:00:28.210  INFO 15316 --- [main] o.a.c.c.C.[Tomcat].[localhost].[/]       : Initializing Spring embedded WebApplicationContext
2019-09-17 00:00:28.211 DEBUG 15316 --- [main] o.s.web.context.ContextLoader            : Published root WebApplicationContext as ServletContext attribute with name [org.springframework.web.context.WebApplicationContext.ROOT]
2019-09-17 00:00:28.211  INFO 15316 --- [main] o.s.web.context.ContextLoader            : Root WebApplicationContext: initialization completed in 2520 ms
2019-09-17 00:00:28.476  INFO 15316 --- [main] com.zaxxer.hikari.HikariDataSource       : HikariPool-1 - Starting...
2019-09-17 00:00:29.430  INFO 15316 --- [main] com.zaxxer.hikari.HikariDataSource       : HikariPool-1 - Start completed.
2019-09-17 00:00:32.384  INFO 15316 --- [main] j.LocalContainerEntityManagerFactoryBean : Initialized JPA EntityManagerFactory for persistence unit 'default'
2019-09-17 00:00:32.761  WARN 15316 --- [main] ConfigServletWebServerApplicationContext : Exception encountered during context initialization - cancelling refresh attempt: org.springframework.beans.factory.UnsatisfiedDependencyException: Error creating bean with name 'userController': Unsatisfied dependency expressed through field 'userService'; nested exception is org.springframework.beans.factory.NoSuchBeanDefinitionException: No qualifying bean of type 'com.hacks.devbackend.service.UserService' available: expected at least 1 bean which qualifies as autowire candidate. Dependency annotations: {@org.springframework.beans.factory.annotation.Autowired(required=true)}
2019-09-17 00:00:32.763  INFO 15316 --- [main] j.LocalContainerEntityManagerFactoryBean : Closing JPA EntityManagerFactory for persistence unit 'default'
2019-09-17 00:00:32.768  INFO 15316 --- [main] com.zaxxer.hikari.HikariDataSource       : HikariPool-1 - Shutdown initiated...
2019-09-17 00:00:32.782  INFO 15316 --- [main] com.zaxxer.hikari.HikariDataSource       : HikariPool-1 - Shutdown completed.
2019-09-17 00:00:32.785  INFO 15316 --- [main] o.apache.catalina.core.StandardService   : Stopping service [Tomcat]
2019-09-17 00:00:32.799  INFO 15316 --- [main] ConditionEvaluationReportLoggingListener : 

Error starting ApplicationContext. To display the conditions report re-run your application with 'debug' enabled.
2019-09-17 00:00:32.919 ERROR 15316 --- [main] o.s.b.d.LoggingFailureAnalysisReporter   : 

***************************
APPLICATION FAILED TO START
***************************

Description:

Field userService in com.hacks.devbackend.controller.UserController required a bean of type 'com.hacks.devbackend.service.UserService' that could not be found.

The injection point has the following annotations:
	- @org.springframework.beans.factory.annotation.Autowired(required=true)


Action:

Consider defining a bean of type 'com.hacks.devbackend.service.UserService' in your configuration.

2019-09-17 00:01:20.562  INFO 3876 --- [main] c.h.devbackend.DevBackendApplication     : Starting DevBackendApplication on DESKTOP-H120VBF with PID 3876 (E:\96hacks\dev-backend\target\classes started by krish in E:\96hacks\dev-backend)
2019-09-17 00:01:20.564  INFO 3876 --- [main] c.h.devbackend.DevBackendApplication     : No active profile set, falling back to default profiles: default
2019-09-17 00:01:21.916  INFO 3876 --- [main] .s.d.r.c.RepositoryConfigurationDelegate : Bootstrapping Spring Data repositories in DEFAULT mode.
2019-09-17 00:01:22.053  INFO 3876 --- [main] .s.d.r.c.RepositoryConfigurationDelegate : Finished Spring Data repository scanning in 122ms. Found 5 repository interfaces.
2019-09-17 00:01:22.624  INFO 3876 --- [main] trationDelegate$BeanPostProcessorChecker : Bean 'org.springframework.transaction.annotation.ProxyTransactionManagementConfiguration' of type [org.springframework.transaction.annotation.ProxyTransactionManagementConfiguration$$EnhancerBySpringCGLIB$$2dedc68a] is not eligible for getting processed by all BeanPostProcessors (for example: not eligible for auto-proxying)
2019-09-17 00:01:23.019  INFO 3876 --- [main] o.s.b.w.embedded.tomcat.TomcatWebServer  : Tomcat initialized with port(s): 8080 (http)
2019-09-17 00:01:23.062  INFO 3876 --- [main] o.apache.catalina.core.StandardService   : Starting service [Tomcat]
2019-09-17 00:01:23.063  INFO 3876 --- [main] org.apache.catalina.core.StandardEngine  : Starting Servlet engine: [Apache Tomcat/9.0.22]
2019-09-17 00:01:23.223  INFO 3876 --- [main] o.a.c.c.C.[Tomcat].[localhost].[/]       : Initializing Spring embedded WebApplicationContext
2019-09-17 00:01:23.223 DEBUG 3876 --- [main] o.s.web.context.ContextLoader            : Published root WebApplicationContext as ServletContext attribute with name [org.springframework.web.context.WebApplicationContext.ROOT]
2019-09-17 00:01:23.224  INFO 3876 --- [main] o.s.web.context.ContextLoader            : Root WebApplicationContext: initialization completed in 2580 ms
2019-09-17 00:01:23.427  INFO 3876 --- [main] com.zaxxer.hikari.HikariDataSource       : HikariPool-1 - Starting...
2019-09-17 00:01:24.386  INFO 3876 --- [main] com.zaxxer.hikari.HikariDataSource       : HikariPool-1 - Start completed.
2019-09-17 00:01:27.823  INFO 3876 --- [main] j.LocalContainerEntityManagerFactoryBean : Initialized JPA EntityManagerFactory for persistence unit 'default'
2019-09-17 00:01:28.294 DEBUG 3876 --- [main] o.s.w.s.handler.SimpleUrlHandlerMapping  : Patterns [/**/favicon.ico] in 'faviconHandlerMapping'
2019-09-17 00:01:28.514  INFO 3876 --- [main] o.s.s.concurrent.ThreadPoolTaskExecutor  : Initializing ExecutorService 'applicationTaskExecutor'
2019-09-17 00:01:28.530 DEBUG 3876 --- [main] s.w.s.m.m.a.RequestMappingHandlerAdapter : ControllerAdvice beans: 0 @ModelAttribute, 0 @InitBinder, 1 RequestBodyAdvice, 1 ResponseBodyAdvice
2019-09-17 00:01:28.560  WARN 3876 --- [main] aWebConfiguration$JpaWebMvcConfiguration : spring.jpa.open-in-view is enabled by default. Therefore, database queries may be performed during view rendering. Explicitly configure spring.jpa.open-in-view to disable this warning
2019-09-17 00:01:28.600 DEBUG 3876 --- [main] s.w.s.m.m.a.RequestMappingHandlerMapping : 11 mappings in 'requestMappingHandlerMapping'
2019-09-17 00:01:28.625 DEBUG 3876 --- [main] o.s.w.s.handler.SimpleUrlHandlerMapping  : Patterns [/webjars/**, /**] in 'resourceHandlerMapping'
2019-09-17 00:01:28.636 DEBUG 3876 --- [main] .m.m.a.ExceptionHandlerExceptionResolver : ControllerAdvice beans: 0 @ExceptionHandler, 1 ResponseBodyAdvice
2019-09-17 00:01:28.813  INFO 3876 --- [main] o.s.b.w.embedded.tomcat.TomcatWebServer  : Tomcat started on port(s): 8080 (http) with context path ''
2019-09-17 00:01:28.818  INFO 3876 --- [main] c.h.devbackend.DevBackendApplication     : Started DevBackendApplication in 8.882 seconds (JVM running for 10.26)
2019-09-17 00:02:52.114  INFO 3876 --- [http-nio-8080-exec-3] o.a.c.c.C.[Tomcat].[localhost].[/]       : Initializing Spring DispatcherServlet 'dispatcherServlet'
2019-09-17 00:02:52.114  INFO 3876 --- [http-nio-8080-exec-3] o.s.web.servlet.DispatcherServlet        : Initializing Servlet 'dispatcherServlet'
2019-09-17 00:02:52.114 DEBUG 3876 --- [http-nio-8080-exec-3] o.s.web.servlet.DispatcherServlet        : Detected StandardServletMultipartResolver
2019-09-17 00:02:52.127 DEBUG 3876 --- [http-nio-8080-exec-3] o.s.web.servlet.DispatcherServlet        : enableLoggingRequestDetails='false': request parameters and headers will be masked to prevent unsafe logging of potentially sensitive data
2019-09-17 00:02:52.127  INFO 3876 --- [http-nio-8080-exec-3] o.s.web.servlet.DispatcherServlet        : Completed initialization in 13 ms
2019-09-17 00:02:52.138 DEBUG 3876 --- [http-nio-8080-exec-3] o.s.web.servlet.DispatcherServlet        : POST "/articles/add", parameters={}
2019-09-17 00:02:52.146 DEBUG 3876 --- [http-nio-8080-exec-3] s.w.s.m.m.a.RequestMappingHandlerMapping : Mapped to public int com.hacks.devbackend.controller.ArticleController.addArticle(com.hacks.devbackend.model.Article)
2019-09-17 00:02:52.282 DEBUG 3876 --- [http-nio-8080-exec-3] m.m.a.RequestResponseBodyMethodProcessor : Read "application/json;charset=UTF-8" to [com.hacks.devbackend.model.Article@39396d02]
2019-09-17 00:02:52.625 DEBUG 3876 --- [http-nio-8080-exec-3] m.m.a.RequestResponseBodyMethodProcessor : Using 'application/json', given [*/*] and supported [application/json, application/*+json, application/json, application/*+json]
2019-09-17 00:02:52.626 DEBUG 3876 --- [http-nio-8080-exec-3] m.m.a.RequestResponseBodyMethodProcessor : Writing [2]
2019-09-17 00:02:52.646 DEBUG 3876 --- [http-nio-8080-exec-3] o.s.web.servlet.DispatcherServlet        : Completed 200 OK
2019-09-17 00:04:01.576 DEBUG 3876 --- [http-nio-8080-exec-5] o.s.web.servlet.DispatcherServlet        : POST "/articles/add", parameters={}
2019-09-17 00:04:01.577 DEBUG 3876 --- [http-nio-8080-exec-5] s.w.s.m.m.a.RequestMappingHandlerMapping : Mapped to public int com.hacks.devbackend.controller.ArticleController.addArticle(com.hacks.devbackend.model.Article)
2019-09-17 00:04:01.579 DEBUG 3876 --- [http-nio-8080-exec-5] m.m.a.RequestResponseBodyMethodProcessor : Read "application/json;charset=UTF-8" to [com.hacks.devbackend.model.Article@184bbada]
2019-09-17 00:04:01.663 DEBUG 3876 --- [http-nio-8080-exec-5] m.m.a.RequestResponseBodyMethodProcessor : Using 'application/json', given [*/*] and supported [application/json, application/*+json, application/json, application/*+json]
2019-09-17 00:04:01.663 DEBUG 3876 --- [http-nio-8080-exec-5] m.m.a.RequestResponseBodyMethodProcessor : Writing [3]
2019-09-17 00:04:01.665 DEBUG 3876 --- [http-nio-8080-exec-5] o.s.web.servlet.DispatcherServlet        : Completed 200 OK
2019-09-17 00:04:30.713 DEBUG 3876 --- [http-nio-8080-exec-6] o.s.web.servlet.DispatcherServlet        : GET "/articles/all", parameters={}
2019-09-17 00:04:30.714 DEBUG 3876 --- [http-nio-8080-exec-6] s.w.s.m.m.a.RequestMappingHandlerMapping : Mapped to public java.util.List<com.hacks.devbackend.model.Article> com.hacks.devbackend.controller.ArticleController.getArticles()
2019-09-17 00:04:30.890 DEBUG 3876 --- [http-nio-8080-exec-6] m.m.a.RequestResponseBodyMethodProcessor : Using 'application/json', given [*/*] and supported [application/json, application/*+json, application/json, application/*+json]
2019-09-17 00:04:30.890 DEBUG 3876 --- [http-nio-8080-exec-6] m.m.a.RequestResponseBodyMethodProcessor : Writing [[com.hacks.devbackend.model.Article@32384a1, com.hacks.devbackend.model.Article@731f09ec, com.hacks. (truncated)...]
2019-09-17 00:04:31.171 DEBUG 3876 --- [http-nio-8080-exec-6] o.s.web.servlet.DispatcherServlet        : Completed 200 OK
2019-09-17 00:05:00.890 DEBUG 3876 --- [http-nio-8080-exec-7] o.s.web.servlet.DispatcherServlet        : POST "/articles/1/comments/add", parameters={}
2019-09-17 00:05:00.897 DEBUG 3876 --- [http-nio-8080-exec-7] s.w.s.m.m.a.RequestMappingHandlerMapping : Mapped to public int com.hacks.devbackend.controller.CommentController.addComment(com.hacks.devbackend.model.Comment)
2019-09-17 00:05:00.938 DEBUG 3876 --- [http-nio-8080-exec-7] m.m.a.RequestResponseBodyMethodProcessor : Using 'application/json', given [*/*] and supported [application/json, application/*+json, application/json, application/*+json]
2019-09-17 00:05:00.939 DEBUG 3876 --- [http-nio-8080-exec-7] m.m.a.RequestResponseBodyMethodProcessor : Writing [1]
2019-09-17 00:05:00.940 DEBUG 3876 --- [http-nio-8080-exec-7] o.s.web.servlet.DispatcherServlet        : Completed 200 OK
2019-09-17 00:05:14.645 DEBUG 3876 --- [http-nio-8080-exec-8] o.s.web.servlet.DispatcherServlet        : GET "/articles/1/comments/all", parameters={}
2019-09-17 00:05:14.648 DEBUG 3876 --- [http-nio-8080-exec-8] s.w.s.m.m.a.RequestMappingHandlerMapping : Mapped to public java.util.List<com.hacks.devbackend.model.Comment> com.hacks.devbackend.controller.CommentController.getcomments()
2019-09-17 00:05:14.692 DEBUG 3876 --- [http-nio-8080-exec-8] m.m.a.RequestResponseBodyMethodProcessor : Using 'application/json', given [*/*] and supported [application/json, application/*+json, application/json, application/*+json]
2019-09-17 00:05:14.693 DEBUG 3876 --- [http-nio-8080-exec-8] m.m.a.RequestResponseBodyMethodProcessor : Writing [[com.hacks.devbackend.model.Comment@50d616bb]]
2019-09-17 00:05:14.699 DEBUG 3876 --- [http-nio-8080-exec-8] o.s.web.servlet.DispatcherServlet        : Completed 200 OK
